2013-11-20 00:01:37,703 [Worker-1] INFO  o.e.m.c.i.i.nexus.NexusIndexManager - Updating index for repository: central|http://repo.maven.apache.org/maven2
2013-11-20 00:01:37,803 [Worker-1] INFO  c.n.h.c.p.n.NettyAsyncHttpProvider - Number of application's worked threads is 8
2013-11-20 00:01:43,087 [Worker-1] INFO  o.e.m.c.i.i.nexus.NexusIndexManager - Updated index for repository: central|http://repo.maven.apache.org/maven2 in 5389 ms
2013-11-20 00:05:30,803 [Worker-2] INFO  o.e.m.c.i.embedder.EclipseLogger - Using 'UTF-8' encoding to copy filtered resources.
2013-11-20 00:05:30,804 [Worker-2] INFO  o.e.m.c.i.embedder.EclipseLogger - skip non existing resourceDirectory C:\Users\anshika\Documents\GitHub\test_projects\records\src\main\resources
2013-11-20 00:05:30,809 [Worker-2] INFO  o.e.m.c.i.embedder.EclipseLogger - Using 'UTF-8' encoding to copy filtered resources.
2013-11-20 00:05:30,809 [Worker-2] INFO  o.e.m.c.i.embedder.EclipseLogger - skip non existing resourceDirectory C:\Users\anshika\Documents\GitHub\test_projects\records\src\test\resources
2013-11-20 00:08:26,212 [Worker-9] INFO  o.e.m.c.i.l.LifecycleMappingFactory - Using org.eclipse.m2e.jdt.JarLifecycleMapping lifecycle mapping for MavenProject: com.anshika:records:0.0.1-SNAPSHOT @ C:\Users\anshika\Documents\GitHub\test_projects\records\pom.xml.
2013-11-20 00:08:26,278 [Worker-9] INFO  c.n.h.c.p.n.NettyAsyncHttpProvider - Number of application's worked threads is 8
2013-11-20 00:08:26,546 [New I/O client worker #2-1] INFO  o.e.m.c.i.e.AbstractTransferListenerAdapter - Downloading http://repo.maven.apache.org/maven2/junit/junit/4.11/junit-4.11.jar
2013-11-20 00:08:26,567 [New I/O client worker #2-2] INFO  o.e.m.c.i.e.AbstractTransferListenerAdapter - Downloading http://repo.maven.apache.org/maven2/org/hamcrest/hamcrest-core/1.3/hamcrest-core-1.3.jar
2013-11-20 00:08:26,754 [New I/O client worker #2-2] INFO  o.e.m.c.i.e.AbstractTransferListenerAdapter - Downloaded http://repo.maven.apache.org/maven2/org/hamcrest/hamcrest-core/1.3/hamcrest-core-1.3.jar
2013-11-20 00:08:27,083 [New I/O client worker #2-1] INFO  o.e.m.c.i.e.AbstractTransferListenerAdapter - Downloaded http://repo.maven.apache.org/maven2/junit/junit/4.11/junit-4.11.jar
2013-11-20 00:08:28,384 [Worker-9] INFO  o.e.m.c.i.l.LifecycleMappingFactory - Using org.eclipse.m2e.jdt.JarLifecycleMapping lifecycle mapping for MavenProject: com.anshika:testadd:0.0.1-SNAPSHOT @ C:\Users\anshika\Documents\GitHub\test_projects\testadd\pom.xml.
2013-11-20 00:08:28,397 [Worker-9] INFO  o.e.m.c.i.l.LifecycleMappingFactory - Using org.eclipse.m2e.jdt.JarLifecycleMapping lifecycle mapping for MavenProject: com.anshika:maths:0.0.1-SNAPSHOT @ C:\Users\anshika\Documents\GitHub\test_projects\maths\pom.xml.
2013-11-20 00:08:31,095 [Worker-9] INFO  o.e.m.c.i.embedder.EclipseLogger - Using 'UTF-8' encoding to copy filtered resources.
2013-11-20 00:08:31,096 [Worker-9] INFO  o.e.m.c.i.embedder.EclipseLogger - skip non existing resourceDirectory C:\Users\anshika\Documents\GitHub\test_projects\records\src\main\resources
2013-11-20 00:08:31,102 [Worker-9] INFO  o.e.m.c.i.embedder.EclipseLogger - Using 'UTF-8' encoding to copy filtered resources.
2013-11-20 00:08:31,103 [Worker-9] INFO  o.e.m.c.i.embedder.EclipseLogger - skip non existing resourceDirectory C:\Users\anshika\Documents\GitHub\test_projects\records\src\test\resources
2013-11-20 00:08:31,159 [Worker-9] INFO  o.e.m.c.i.embedder.EclipseLogger - Using 'UTF-8' encoding to copy filtered resources.
2013-11-20 00:08:31,160 [Worker-9] INFO  o.e.m.c.i.embedder.EclipseLogger - skip non existing resourceDirectory C:\Users\anshika\Documents\GitHub\test_projects\testadd\src\main\resources
2013-11-20 00:08:31,165 [Worker-9] INFO  o.e.m.c.i.embedder.EclipseLogger - Using 'UTF-8' encoding to copy filtered resources.
2013-11-20 00:08:31,166 [Worker-9] INFO  o.e.m.c.i.embedder.EclipseLogger - skip non existing resourceDirectory C:\Users\anshika\Documents\GitHub\test_projects\testadd\src\test\resources
2013-11-20 00:08:32,781 [Worker-9] INFO  o.e.m.c.i.embedder.EclipseLogger - Using 'UTF-8' encoding to copy filtered resources.
2013-11-20 00:08:32,781 [Worker-9] INFO  o.e.m.c.i.embedder.EclipseLogger - skip non existing resourceDirectory C:\Users\anshika\Documents\GitHub\test_projects\records\src\main\resources
2013-11-20 00:08:32,785 [Worker-9] INFO  o.e.m.c.i.embedder.EclipseLogger - Using 'UTF-8' encoding to copy filtered resources.
2013-11-20 00:08:32,786 [Worker-9] INFO  o.e.m.c.i.embedder.EclipseLogger - skip non existing resourceDirectory C:\Users\anshika\Documents\GitHub\test_projects\records\src\test\resources
2013-11-20 00:11:19,634 [Worker-13] INFO  o.e.m.c.i.embedder.EclipseLogger - Using 'UTF-8' encoding to copy filtered resources.
2013-11-20 00:11:19,636 [Worker-13] INFO  o.e.m.c.i.embedder.EclipseLogger - skip non existing resourceDirectory C:\Users\anshika\Documents\GitHub\test_projects\records\src\main\resources
2013-11-20 00:11:19,641 [Worker-13] INFO  o.e.m.c.i.embedder.EclipseLogger - Using 'UTF-8' encoding to copy filtered resources.
2013-11-20 00:11:19,642 [Worker-13] INFO  o.e.m.c.i.embedder.EclipseLogger - skip non existing resourceDirectory C:\Users\anshika\Documents\GitHub\test_projects\records\src\test\resources
